<?xml version="1.0" encoding="UTF-8"?>
<!-- Generated by org.testng.reporters.JUnitXMLReporter -->
<testsuite ignored="0" hostname="IVANA-IV" failures="0" tests="5" name="Test" time="70.232" errors="0" timestamp="2021-02-23T10:46:20 CET">
  <testcase classname="com.commerce.tests.GuestVotesInHomePoll_Negative" name="guestVotesInHomePoll" time="1.821"/>
  <testcase classname="com.commerce.tests.UserVotesInHomePoll" name="userVotesInHomePoll" time="7.398"/>
  <testcase classname="com.commerce.tests.RegisterUserInvalidEmailParameter_Negative" name="registerUserWithInvalidEmail" time="4.593"/>
  <testcase classname="com.commerce.tests.GuestSearchForProductAddsToWishlist" name="guestSearchForShoeProductAddsToWishlist" time="6.178"/>
  <testcase classname="com.commerce.tests.LoginUserInvalidPassword_Negative" name="loginUserWithIncorrectPassword" time="2.998"/>
</testsuite> <!-- Test -->
