<?xml version="1.0" encoding="UTF-8"?>
<!-- Generated by org.testng.reporters.JUnitXMLReporter -->
<testsuite hostname="IVANA-IV" ignored="0" name="Test NopCommerce with TestNG, POM and PageFactory" tests="2" failures="0" timestamp="2020-09-30T17:30:24 CEST" time="22.285" errors="0">
  <testcase name="registerNewUser" time="5.871" classname="com.commerce.tests.RegisterNewUserTest"/>
  <testcase name="registerExistingUser" time="3.429" classname="com.commerce.tests.RegisterExistingUser_Negative"/>
</testsuite> <!-- Test NopCommerce with TestNG, POM and PageFactory -->
